/home/viator/ws/chob3_ws/src/expo_bot/install/expo_bot/lib/python3.10/site-packages/expo_bot/cctv_detection_node_original.py
/home/viator/ws/chob3_ws/src/expo_bot/install/expo_bot/lib/python3.10/site-packages/expo_bot/__init__.py
/home/viator/ws/chob3_ws/src/expo_bot/install/expo_bot/lib/python3.10/site-packages/expo_bot/video_playback_node.py
/home/viator/ws/chob3_ws/src/expo_bot/install/expo_bot/lib/python3.10/site-packages/expo_bot/sys_monitor_node.py
/home/viator/ws/chob3_ws/src/expo_bot/install/expo_bot/lib/python3.10/site-packages/expo_bot/object_detection_node.py
/home/viator/ws/chob3_ws/src/expo_bot/install/expo_bot/lib/python3.10/site-packages/expo_bot/amr_control_node.py
/home/viator/ws/chob3_ws/src/expo_bot/install/expo_bot/lib/python3.10/site-packages/expo_bot/cctv_detection_node.py
/home/viator/ws/chob3_ws/src/expo_bot/install/expo_bot/lib/python3.10/site-packages/expo_bot/__pycache__/cctv_detection_node_original.cpython-310.pyc
/home/viator/ws/chob3_ws/src/expo_bot/install/expo_bot/lib/python3.10/site-packages/expo_bot/__pycache__/__init__.cpython-310.pyc
/home/viator/ws/chob3_ws/src/expo_bot/install/expo_bot/lib/python3.10/site-packages/expo_bot/__pycache__/video_playback_node.cpython-310.pyc
/home/viator/ws/chob3_ws/src/expo_bot/install/expo_bot/lib/python3.10/site-packages/expo_bot/__pycache__/sys_monitor_node.cpython-310.pyc
/home/viator/ws/chob3_ws/src/expo_bot/install/expo_bot/lib/python3.10/site-packages/expo_bot/__pycache__/object_detection_node.cpython-310.pyc
/home/viator/ws/chob3_ws/src/expo_bot/install/expo_bot/lib/python3.10/site-packages/expo_bot/__pycache__/amr_control_node.cpython-310.pyc
/home/viator/ws/chob3_ws/src/expo_bot/install/expo_bot/lib/python3.10/site-packages/expo_bot/__pycache__/cctv_detection_node.cpython-310.pyc
/home/viator/ws/chob3_ws/src/expo_bot/install/expo_bot/share/ament_index/resource_index/packages/expo_bot
/home/viator/ws/chob3_ws/src/expo_bot/install/expo_bot/share/expo_bot/package.xml
/home/viator/ws/chob3_ws/src/expo_bot/install/expo_bot/lib/python3.10/site-packages/expo_bot-0.0.0-py3.10.egg-info/zip-safe
/home/viator/ws/chob3_ws/src/expo_bot/install/expo_bot/lib/python3.10/site-packages/expo_bot-0.0.0-py3.10.egg-info/dependency_links.txt
/home/viator/ws/chob3_ws/src/expo_bot/install/expo_bot/lib/python3.10/site-packages/expo_bot-0.0.0-py3.10.egg-info/SOURCES.txt
/home/viator/ws/chob3_ws/src/expo_bot/install/expo_bot/lib/python3.10/site-packages/expo_bot-0.0.0-py3.10.egg-info/requires.txt
/home/viator/ws/chob3_ws/src/expo_bot/install/expo_bot/lib/python3.10/site-packages/expo_bot-0.0.0-py3.10.egg-info/entry_points.txt
/home/viator/ws/chob3_ws/src/expo_bot/install/expo_bot/lib/python3.10/site-packages/expo_bot-0.0.0-py3.10.egg-info/top_level.txt
/home/viator/ws/chob3_ws/src/expo_bot/install/expo_bot/lib/python3.10/site-packages/expo_bot-0.0.0-py3.10.egg-info/PKG-INFO
/home/viator/ws/chob3_ws/src/expo_bot/install/expo_bot/lib/expo_bot/amr_control_node
/home/viator/ws/chob3_ws/src/expo_bot/install/expo_bot/lib/expo_bot/cctv_detection_node
/home/viator/ws/chob3_ws/src/expo_bot/install/expo_bot/lib/expo_bot/object_detection_node
/home/viator/ws/chob3_ws/src/expo_bot/install/expo_bot/lib/expo_bot/sys_monitor_node
/home/viator/ws/chob3_ws/src/expo_bot/install/expo_bot/lib/expo_bot/video_playback_node
