[0.777s] Invoking command in '/home/viator/ws/chob3_ws/src/expo_bot': PYTHONPATH=/home/viator/ws/chob3_ws/build/expo_bot/prefix_override:/usr/lib/python3/dist-packages/colcon_core/task/python/colcon_distutils_commands:/home/viator/ws/chob3_ws/install/expo_bot/lib/python3.10/site-packages:${PYTHONPATH} /usr/bin/python3 -W ignore:setup.py install is deprecated setup.py egg_info --egg-base ../../build/expo_bot build --build-base /home/viator/ws/chob3_ws/build/expo_bot/build install --record /home/viator/ws/chob3_ws/build/expo_bot/install.log --single-version-externally-managed install_data
[1.012s] running egg_info
[1.012s] writing ../../build/expo_bot/expo_bot.egg-info/PKG-INFO
[1.012s] writing dependency_links to ../../build/expo_bot/expo_bot.egg-info/dependency_links.txt
[1.012s] writing entry points to ../../build/expo_bot/expo_bot.egg-info/entry_points.txt
[1.013s] writing requirements to ../../build/expo_bot/expo_bot.egg-info/requires.txt
[1.013s] writing top-level names to ../../build/expo_bot/expo_bot.egg-info/top_level.txt
[1.015s] reading manifest file '../../build/expo_bot/expo_bot.egg-info/SOURCES.txt'
[1.016s] writing manifest file '../../build/expo_bot/expo_bot.egg-info/SOURCES.txt'
[1.016s] running build
[1.016s] running build_py
[1.016s] copying expo_bot/sys_monitor_node.py -> /home/viator/ws/chob3_ws/build/expo_bot/build/lib/expo_bot
[1.016s] running install
[1.017s] running install_lib
[1.018s] copying /home/viator/ws/chob3_ws/build/expo_bot/build/lib/expo_bot/sys_monitor_node.py -> /home/viator/ws/chob3_ws/install/expo_bot/lib/python3.10/site-packages/expo_bot
[1.020s] byte-compiling /home/viator/ws/chob3_ws/install/expo_bot/lib/python3.10/site-packages/expo_bot/sys_monitor_node.py to sys_monitor_node.cpython-310.pyc
[1.024s] running install_data
[1.024s] running install_egg_info
[1.026s] removing '/home/viator/ws/chob3_ws/install/expo_bot/lib/python3.10/site-packages/expo_bot-0.0.0-py3.10.egg-info' (and everything under it)
[1.026s] Copying ../../build/expo_bot/expo_bot.egg-info to /home/viator/ws/chob3_ws/install/expo_bot/lib/python3.10/site-packages/expo_bot-0.0.0-py3.10.egg-info
[1.026s] running install_scripts
[1.046s] Installing amr_control_node script to /home/viator/ws/chob3_ws/install/expo_bot/lib/expo_bot
[1.046s] Installing cctv_detection_node script to /home/viator/ws/chob3_ws/install/expo_bot/lib/expo_bot
[1.047s] Installing navigate_to_goal_node script to /home/viator/ws/chob3_ws/install/expo_bot/lib/expo_bot
[1.047s] Installing sys_monitor_node script to /home/viator/ws/chob3_ws/install/expo_bot/lib/expo_bot
[1.047s] Installing video_playback_node script to /home/viator/ws/chob3_ws/install/expo_bot/lib/expo_bot
[1.047s] writing list of installed files to '/home/viator/ws/chob3_ws/build/expo_bot/install.log'
[1.073s] Invoked command in '/home/viator/ws/chob3_ws/src/expo_bot' returned '0': PYTHONPATH=/home/viator/ws/chob3_ws/build/expo_bot/prefix_override:/usr/lib/python3/dist-packages/colcon_core/task/python/colcon_distutils_commands:/home/viator/ws/chob3_ws/install/expo_bot/lib/python3.10/site-packages:${PYTHONPATH} /usr/bin/python3 -W ignore:setup.py install is deprecated setup.py egg_info --egg-base ../../build/expo_bot build --build-base /home/viator/ws/chob3_ws/build/expo_bot/build install --record /home/viator/ws/chob3_ws/build/expo_bot/install.log --single-version-externally-managed install_data
