[0.588s] Invoking command in '/home/viator/ws/chob3_ws/src/expo_bot': PYTHONPATH=/home/viator/ws/chob3_ws/build/expo_bot/prefix_override:/usr/lib/python3/dist-packages/colcon_core/task/python/colcon_distutils_commands:/home/viator/ws/chob3_ws/install/expo_bot/lib/python3.10/site-packages:${PYTHONPATH} /usr/bin/python3 -W ignore:setup.py install is deprecated setup.py egg_info --egg-base ../../build/expo_bot build --build-base /home/viator/ws/chob3_ws/build/expo_bot/build install --record /home/viator/ws/chob3_ws/build/expo_bot/install.log --single-version-externally-managed install_data
[0.799s] running egg_info
[0.799s] writing ../../build/expo_bot/expo_bot.egg-info/PKG-INFO
[0.800s] writing dependency_links to ../../build/expo_bot/expo_bot.egg-info/dependency_links.txt
[0.800s] writing entry points to ../../build/expo_bot/expo_bot.egg-info/entry_points.txt
[0.800s] writing requirements to ../../build/expo_bot/expo_bot.egg-info/requires.txt
[0.800s] writing top-level names to ../../build/expo_bot/expo_bot.egg-info/top_level.txt
[0.802s] reading manifest file '../../build/expo_bot/expo_bot.egg-info/SOURCES.txt'
[0.803s] writing manifest file '../../build/expo_bot/expo_bot.egg-info/SOURCES.txt'
[0.803s] running build
[0.803s] running build_py
[0.804s] copying expo_bot/cctv_detection_node2.py -> /home/viator/ws/chob3_ws/build/expo_bot/build/lib/expo_bot
[0.804s] copying expo_bot/amr_control_node.py -> /home/viator/ws/chob3_ws/build/expo_bot/build/lib/expo_bot
[0.804s] copying expo_bot/cctv_detection_node.py -> /home/viator/ws/chob3_ws/build/expo_bot/build/lib/expo_bot
[0.804s] running install
[0.805s] running install_lib
[0.806s] copying /home/viator/ws/chob3_ws/build/expo_bot/build/lib/expo_bot/cctv_detection_node2.py -> /home/viator/ws/chob3_ws/install/expo_bot/lib/python3.10/site-packages/expo_bot
[0.806s] copying /home/viator/ws/chob3_ws/build/expo_bot/build/lib/expo_bot/amr_control_node.py -> /home/viator/ws/chob3_ws/install/expo_bot/lib/python3.10/site-packages/expo_bot
[0.806s] copying /home/viator/ws/chob3_ws/build/expo_bot/build/lib/expo_bot/cctv_detection_node.py -> /home/viator/ws/chob3_ws/install/expo_bot/lib/python3.10/site-packages/expo_bot
[0.807s] byte-compiling /home/viator/ws/chob3_ws/install/expo_bot/lib/python3.10/site-packages/expo_bot/cctv_detection_node2.py to cctv_detection_node2.cpython-310.pyc
[0.807s] byte-compiling /home/viator/ws/chob3_ws/install/expo_bot/lib/python3.10/site-packages/expo_bot/amr_control_node.py to amr_control_node.cpython-310.pyc
[0.808s] byte-compiling /home/viator/ws/chob3_ws/install/expo_bot/lib/python3.10/site-packages/expo_bot/cctv_detection_node.py to cctv_detection_node.cpython-310.pyc
[0.809s] running install_data
[0.809s] running install_egg_info
[0.812s] removing '/home/viator/ws/chob3_ws/install/expo_bot/lib/python3.10/site-packages/expo_bot-0.0.0-py3.10.egg-info' (and everything under it)
[0.812s] Copying ../../build/expo_bot/expo_bot.egg-info to /home/viator/ws/chob3_ws/install/expo_bot/lib/python3.10/site-packages/expo_bot-0.0.0-py3.10.egg-info
[0.813s] running install_scripts
[0.832s] Installing amr_control_node script to /home/viator/ws/chob3_ws/install/expo_bot/lib/expo_bot
[0.832s] Installing cctv_detection_node script to /home/viator/ws/chob3_ws/install/expo_bot/lib/expo_bot
[0.832s] Installing object_detection_node script to /home/viator/ws/chob3_ws/install/expo_bot/lib/expo_bot
[0.832s] Installing video_playback_node script to /home/viator/ws/chob3_ws/install/expo_bot/lib/expo_bot
[0.833s] writing list of installed files to '/home/viator/ws/chob3_ws/build/expo_bot/install.log'
[0.859s] Invoked command in '/home/viator/ws/chob3_ws/src/expo_bot' returned '0': PYTHONPATH=/home/viator/ws/chob3_ws/build/expo_bot/prefix_override:/usr/lib/python3/dist-packages/colcon_core/task/python/colcon_distutils_commands:/home/viator/ws/chob3_ws/install/expo_bot/lib/python3.10/site-packages:${PYTHONPATH} /usr/bin/python3 -W ignore:setup.py install is deprecated setup.py egg_info --egg-base ../../build/expo_bot build --build-base /home/viator/ws/chob3_ws/build/expo_bot/build install --record /home/viator/ws/chob3_ws/build/expo_bot/install.log --single-version-externally-managed install_data
