running egg_info
creating build/expo_bot/expo_bot.egg-info
writing build/expo_bot/expo_bot.egg-info/PKG-INFO
writing dependency_links to build/expo_bot/expo_bot.egg-info/dependency_links.txt
writing entry points to build/expo_bot/expo_bot.egg-info/entry_points.txt
writing requirements to build/expo_bot/expo_bot.egg-info/requires.txt
writing top-level names to build/expo_bot/expo_bot.egg-info/top_level.txt
writing manifest file 'build/expo_bot/expo_bot.egg-info/SOURCES.txt'
reading manifest file 'build/expo_bot/expo_bot.egg-info/SOURCES.txt'
writing manifest file 'build/expo_bot/expo_bot.egg-info/SOURCES.txt'
running build
running build_py
creating /home/viator/ws/chob3_ws/src/expo_bot/build/expo_bot/build
creating /home/viator/ws/chob3_ws/src/expo_bot/build/expo_bot/build/lib
creating /home/viator/ws/chob3_ws/src/expo_bot/build/expo_bot/build/lib/expo_bot
copying expo_bot/cctv_detection_node_original.py -> /home/viator/ws/chob3_ws/src/expo_bot/build/expo_bot/build/lib/expo_bot
copying expo_bot/__init__.py -> /home/viator/ws/chob3_ws/src/expo_bot/build/expo_bot/build/lib/expo_bot
copying expo_bot/video_playback_node.py -> /home/viator/ws/chob3_ws/src/expo_bot/build/expo_bot/build/lib/expo_bot
copying expo_bot/sys_monitor_node.py -> /home/viator/ws/chob3_ws/src/expo_bot/build/expo_bot/build/lib/expo_bot
copying expo_bot/object_detection_node.py -> /home/viator/ws/chob3_ws/src/expo_bot/build/expo_bot/build/lib/expo_bot
copying expo_bot/amr_control_node.py -> /home/viator/ws/chob3_ws/src/expo_bot/build/expo_bot/build/lib/expo_bot
copying expo_bot/cctv_detection_node.py -> /home/viator/ws/chob3_ws/src/expo_bot/build/expo_bot/build/lib/expo_bot
running install
running install_lib
creating /home/viator/ws/chob3_ws/src/expo_bot/install/expo_bot/lib/python3.10/site-packages/expo_bot
copying /home/viator/ws/chob3_ws/src/expo_bot/build/expo_bot/build/lib/expo_bot/cctv_detection_node_original.py -> /home/viator/ws/chob3_ws/src/expo_bot/install/expo_bot/lib/python3.10/site-packages/expo_bot
copying /home/viator/ws/chob3_ws/src/expo_bot/build/expo_bot/build/lib/expo_bot/__init__.py -> /home/viator/ws/chob3_ws/src/expo_bot/install/expo_bot/lib/python3.10/site-packages/expo_bot
copying /home/viator/ws/chob3_ws/src/expo_bot/build/expo_bot/build/lib/expo_bot/video_playback_node.py -> /home/viator/ws/chob3_ws/src/expo_bot/install/expo_bot/lib/python3.10/site-packages/expo_bot
copying /home/viator/ws/chob3_ws/src/expo_bot/build/expo_bot/build/lib/expo_bot/sys_monitor_node.py -> /home/viator/ws/chob3_ws/src/expo_bot/install/expo_bot/lib/python3.10/site-packages/expo_bot
copying /home/viator/ws/chob3_ws/src/expo_bot/build/expo_bot/build/lib/expo_bot/object_detection_node.py -> /home/viator/ws/chob3_ws/src/expo_bot/install/expo_bot/lib/python3.10/site-packages/expo_bot
copying /home/viator/ws/chob3_ws/src/expo_bot/build/expo_bot/build/lib/expo_bot/amr_control_node.py -> /home/viator/ws/chob3_ws/src/expo_bot/install/expo_bot/lib/python3.10/site-packages/expo_bot
copying /home/viator/ws/chob3_ws/src/expo_bot/build/expo_bot/build/lib/expo_bot/cctv_detection_node.py -> /home/viator/ws/chob3_ws/src/expo_bot/install/expo_bot/lib/python3.10/site-packages/expo_bot
byte-compiling /home/viator/ws/chob3_ws/src/expo_bot/install/expo_bot/lib/python3.10/site-packages/expo_bot/cctv_detection_node_original.py to cctv_detection_node_original.cpython-310.pyc
byte-compiling /home/viator/ws/chob3_ws/src/expo_bot/install/expo_bot/lib/python3.10/site-packages/expo_bot/__init__.py to __init__.cpython-310.pyc
byte-compiling /home/viator/ws/chob3_ws/src/expo_bot/install/expo_bot/lib/python3.10/site-packages/expo_bot/video_playback_node.py to video_playback_node.cpython-310.pyc
byte-compiling /home/viator/ws/chob3_ws/src/expo_bot/install/expo_bot/lib/python3.10/site-packages/expo_bot/sys_monitor_node.py to sys_monitor_node.cpython-310.pyc
byte-compiling /home/viator/ws/chob3_ws/src/expo_bot/install/expo_bot/lib/python3.10/site-packages/expo_bot/object_detection_node.py to object_detection_node.cpython-310.pyc
byte-compiling /home/viator/ws/chob3_ws/src/expo_bot/install/expo_bot/lib/python3.10/site-packages/expo_bot/amr_control_node.py to amr_control_node.cpython-310.pyc
byte-compiling /home/viator/ws/chob3_ws/src/expo_bot/install/expo_bot/lib/python3.10/site-packages/expo_bot/cctv_detection_node.py to cctv_detection_node.cpython-310.pyc
running install_data
creating /home/viator/ws/chob3_ws/src/expo_bot/install/expo_bot/share/ament_index
creating /home/viator/ws/chob3_ws/src/expo_bot/install/expo_bot/share/ament_index/resource_index
creating /home/viator/ws/chob3_ws/src/expo_bot/install/expo_bot/share/ament_index/resource_index/packages
copying resource/expo_bot -> /home/viator/ws/chob3_ws/src/expo_bot/install/expo_bot/share/ament_index/resource_index/packages
copying package.xml -> /home/viator/ws/chob3_ws/src/expo_bot/install/expo_bot/share/expo_bot
running install_egg_info
Copying build/expo_bot/expo_bot.egg-info to /home/viator/ws/chob3_ws/src/expo_bot/install/expo_bot/lib/python3.10/site-packages/expo_bot-0.0.0-py3.10.egg-info
running install_scripts
Installing amr_control_node script to /home/viator/ws/chob3_ws/src/expo_bot/install/expo_bot/lib/expo_bot
Installing cctv_detection_node script to /home/viator/ws/chob3_ws/src/expo_bot/install/expo_bot/lib/expo_bot
Installing object_detection_node script to /home/viator/ws/chob3_ws/src/expo_bot/install/expo_bot/lib/expo_bot
Installing sys_monitor_node script to /home/viator/ws/chob3_ws/src/expo_bot/install/expo_bot/lib/expo_bot
Installing video_playback_node script to /home/viator/ws/chob3_ws/src/expo_bot/install/expo_bot/lib/expo_bot
writing list of installed files to '/home/viator/ws/chob3_ws/src/expo_bot/build/expo_bot/install.log'
