[1.033s] Invoking command in '/home/viator/ws/chob3_ws/src/expo_bot': PYTHONPATH=/home/viator/ws/chob3_ws/src/expo_bot/build/expo_bot/prefix_override:/usr/lib/python3/dist-packages/colcon_core/task/python/colcon_distutils_commands:/home/viator/ws/chob3_ws/src/expo_bot/install/expo_bot/lib/python3.10/site-packages:${PYTHONPATH} /usr/bin/python3 -W ignore:setup.py install is deprecated setup.py egg_info --egg-base build/expo_bot build --build-base /home/viator/ws/chob3_ws/src/expo_bot/build/expo_bot/build install --record /home/viator/ws/chob3_ws/src/expo_bot/build/expo_bot/install.log --single-version-externally-managed install_data
[1.414s] running egg_info
[1.414s] creating build/expo_bot/expo_bot.egg-info
[1.417s] writing build/expo_bot/expo_bot.egg-info/PKG-INFO
[1.417s] writing dependency_links to build/expo_bot/expo_bot.egg-info/dependency_links.txt
[1.417s] writing entry points to build/expo_bot/expo_bot.egg-info/entry_points.txt
[1.417s] writing requirements to build/expo_bot/expo_bot.egg-info/requires.txt
[1.417s] writing top-level names to build/expo_bot/expo_bot.egg-info/top_level.txt
[1.417s] writing manifest file 'build/expo_bot/expo_bot.egg-info/SOURCES.txt'
[1.419s] reading manifest file 'build/expo_bot/expo_bot.egg-info/SOURCES.txt'
[1.420s] writing manifest file 'build/expo_bot/expo_bot.egg-info/SOURCES.txt'
[1.420s] running build
[1.420s] running build_py
[1.420s] creating /home/viator/ws/chob3_ws/src/expo_bot/build/expo_bot/build
[1.420s] creating /home/viator/ws/chob3_ws/src/expo_bot/build/expo_bot/build/lib
[1.420s] creating /home/viator/ws/chob3_ws/src/expo_bot/build/expo_bot/build/lib/expo_bot
[1.422s] copying expo_bot/cctv_detection_node_original.py -> /home/viator/ws/chob3_ws/src/expo_bot/build/expo_bot/build/lib/expo_bot
[1.422s] copying expo_bot/__init__.py -> /home/viator/ws/chob3_ws/src/expo_bot/build/expo_bot/build/lib/expo_bot
[1.422s] copying expo_bot/video_playback_node.py -> /home/viator/ws/chob3_ws/src/expo_bot/build/expo_bot/build/lib/expo_bot
[1.422s] copying expo_bot/sys_monitor_node.py -> /home/viator/ws/chob3_ws/src/expo_bot/build/expo_bot/build/lib/expo_bot
[1.422s] copying expo_bot/object_detection_node.py -> /home/viator/ws/chob3_ws/src/expo_bot/build/expo_bot/build/lib/expo_bot
[1.422s] copying expo_bot/amr_control_node.py -> /home/viator/ws/chob3_ws/src/expo_bot/build/expo_bot/build/lib/expo_bot
[1.422s] copying expo_bot/cctv_detection_node.py -> /home/viator/ws/chob3_ws/src/expo_bot/build/expo_bot/build/lib/expo_bot
[1.422s] running install
[1.422s] running install_lib
[1.426s] creating /home/viator/ws/chob3_ws/src/expo_bot/install/expo_bot/lib/python3.10/site-packages/expo_bot
[1.426s] copying /home/viator/ws/chob3_ws/src/expo_bot/build/expo_bot/build/lib/expo_bot/cctv_detection_node_original.py -> /home/viator/ws/chob3_ws/src/expo_bot/install/expo_bot/lib/python3.10/site-packages/expo_bot
[1.426s] copying /home/viator/ws/chob3_ws/src/expo_bot/build/expo_bot/build/lib/expo_bot/__init__.py -> /home/viator/ws/chob3_ws/src/expo_bot/install/expo_bot/lib/python3.10/site-packages/expo_bot
[1.426s] copying /home/viator/ws/chob3_ws/src/expo_bot/build/expo_bot/build/lib/expo_bot/video_playback_node.py -> /home/viator/ws/chob3_ws/src/expo_bot/install/expo_bot/lib/python3.10/site-packages/expo_bot
[1.426s] copying /home/viator/ws/chob3_ws/src/expo_bot/build/expo_bot/build/lib/expo_bot/sys_monitor_node.py -> /home/viator/ws/chob3_ws/src/expo_bot/install/expo_bot/lib/python3.10/site-packages/expo_bot
[1.426s] copying /home/viator/ws/chob3_ws/src/expo_bot/build/expo_bot/build/lib/expo_bot/object_detection_node.py -> /home/viator/ws/chob3_ws/src/expo_bot/install/expo_bot/lib/python3.10/site-packages/expo_bot
[1.426s] copying /home/viator/ws/chob3_ws/src/expo_bot/build/expo_bot/build/lib/expo_bot/amr_control_node.py -> /home/viator/ws/chob3_ws/src/expo_bot/install/expo_bot/lib/python3.10/site-packages/expo_bot
[1.426s] copying /home/viator/ws/chob3_ws/src/expo_bot/build/expo_bot/build/lib/expo_bot/cctv_detection_node.py -> /home/viator/ws/chob3_ws/src/expo_bot/install/expo_bot/lib/python3.10/site-packages/expo_bot
[1.426s] byte-compiling /home/viator/ws/chob3_ws/src/expo_bot/install/expo_bot/lib/python3.10/site-packages/expo_bot/cctv_detection_node_original.py to cctv_detection_node_original.cpython-310.pyc
[1.426s] byte-compiling /home/viator/ws/chob3_ws/src/expo_bot/install/expo_bot/lib/python3.10/site-packages/expo_bot/__init__.py to __init__.cpython-310.pyc
[1.426s] byte-compiling /home/viator/ws/chob3_ws/src/expo_bot/install/expo_bot/lib/python3.10/site-packages/expo_bot/video_playback_node.py to video_playback_node.cpython-310.pyc
[1.427s] byte-compiling /home/viator/ws/chob3_ws/src/expo_bot/install/expo_bot/lib/python3.10/site-packages/expo_bot/sys_monitor_node.py to sys_monitor_node.cpython-310.pyc
[1.428s] byte-compiling /home/viator/ws/chob3_ws/src/expo_bot/install/expo_bot/lib/python3.10/site-packages/expo_bot/object_detection_node.py to object_detection_node.cpython-310.pyc
[1.428s] byte-compiling /home/viator/ws/chob3_ws/src/expo_bot/install/expo_bot/lib/python3.10/site-packages/expo_bot/amr_control_node.py to amr_control_node.cpython-310.pyc
[1.428s] byte-compiling /home/viator/ws/chob3_ws/src/expo_bot/install/expo_bot/lib/python3.10/site-packages/expo_bot/cctv_detection_node.py to cctv_detection_node.cpython-310.pyc
[1.430s] running install_data
[1.430s] creating /home/viator/ws/chob3_ws/src/expo_bot/install/expo_bot/share/ament_index
[1.430s] creating /home/viator/ws/chob3_ws/src/expo_bot/install/expo_bot/share/ament_index/resource_index
[1.430s] creating /home/viator/ws/chob3_ws/src/expo_bot/install/expo_bot/share/ament_index/resource_index/packages
[1.430s] copying resource/expo_bot -> /home/viator/ws/chob3_ws/src/expo_bot/install/expo_bot/share/ament_index/resource_index/packages
[1.430s] copying package.xml -> /home/viator/ws/chob3_ws/src/expo_bot/install/expo_bot/share/expo_bot
[1.430s] running install_egg_info
[1.436s] Copying build/expo_bot/expo_bot.egg-info to /home/viator/ws/chob3_ws/src/expo_bot/install/expo_bot/lib/python3.10/site-packages/expo_bot-0.0.0-py3.10.egg-info
[1.436s] running install_scripts
[1.463s] Installing amr_control_node script to /home/viator/ws/chob3_ws/src/expo_bot/install/expo_bot/lib/expo_bot
[1.463s] Installing cctv_detection_node script to /home/viator/ws/chob3_ws/src/expo_bot/install/expo_bot/lib/expo_bot
[1.463s] Installing object_detection_node script to /home/viator/ws/chob3_ws/src/expo_bot/install/expo_bot/lib/expo_bot
[1.463s] Installing sys_monitor_node script to /home/viator/ws/chob3_ws/src/expo_bot/install/expo_bot/lib/expo_bot
[1.463s] Installing video_playback_node script to /home/viator/ws/chob3_ws/src/expo_bot/install/expo_bot/lib/expo_bot
[1.465s] writing list of installed files to '/home/viator/ws/chob3_ws/src/expo_bot/build/expo_bot/install.log'
[1.507s] Invoked command in '/home/viator/ws/chob3_ws/src/expo_bot' returned '0': PYTHONPATH=/home/viator/ws/chob3_ws/src/expo_bot/build/expo_bot/prefix_override:/usr/lib/python3/dist-packages/colcon_core/task/python/colcon_distutils_commands:/home/viator/ws/chob3_ws/src/expo_bot/install/expo_bot/lib/python3.10/site-packages:${PYTHONPATH} /usr/bin/python3 -W ignore:setup.py install is deprecated setup.py egg_info --egg-base build/expo_bot build --build-base /home/viator/ws/chob3_ws/src/expo_bot/build/expo_bot/build install --record /home/viator/ws/chob3_ws/src/expo_bot/build/expo_bot/install.log --single-version-externally-managed install_data
