[0.698s] Invoking command in '/home/viator/ws/chob3_ws/src/expo_bot': PYTHONPATH=/home/viator/ws/chob3_ws/build/expo_bot/prefix_override:/usr/lib/python3/dist-packages/colcon_core/task/python/colcon_distutils_commands:/home/viator/ws/chob3_ws/install/expo_bot/lib/python3.10/site-packages:${PYTHONPATH} /usr/bin/python3 -W ignore:setup.py install is deprecated setup.py egg_info --egg-base ../../build/expo_bot build --build-base /home/viator/ws/chob3_ws/build/expo_bot/build install --record /home/viator/ws/chob3_ws/build/expo_bot/install.log --single-version-externally-managed install_data
[0.937s] running egg_info
[0.937s] creating ../../build/expo_bot/expo_bot.egg-info
[0.937s] writing ../../build/expo_bot/expo_bot.egg-info/PKG-INFO
[0.937s] writing dependency_links to ../../build/expo_bot/expo_bot.egg-info/dependency_links.txt
[0.938s] writing entry points to ../../build/expo_bot/expo_bot.egg-info/entry_points.txt
[0.938s] writing requirements to ../../build/expo_bot/expo_bot.egg-info/requires.txt
[0.938s] writing top-level names to ../../build/expo_bot/expo_bot.egg-info/top_level.txt
[0.938s] writing manifest file '../../build/expo_bot/expo_bot.egg-info/SOURCES.txt'
[0.939s] reading manifest file '../../build/expo_bot/expo_bot.egg-info/SOURCES.txt'
[0.940s] writing manifest file '../../build/expo_bot/expo_bot.egg-info/SOURCES.txt'
[0.940s] running build
[0.940s] running build_py
[0.941s] creating /home/viator/ws/chob3_ws/build/expo_bot/build
[0.941s] creating /home/viator/ws/chob3_ws/build/expo_bot/build/lib
[0.941s] creating /home/viator/ws/chob3_ws/build/expo_bot/build/lib/expo_bot
[0.941s] copying expo_bot/__init__.py -> /home/viator/ws/chob3_ws/build/expo_bot/build/lib/expo_bot
[0.941s] copying expo_bot/video_playback_node.py -> /home/viator/ws/chob3_ws/build/expo_bot/build/lib/expo_bot
[0.941s] copying expo_bot/object_detection_node.py -> /home/viator/ws/chob3_ws/build/expo_bot/build/lib/expo_bot
[0.941s] copying expo_bot/amr_control_node.py -> /home/viator/ws/chob3_ws/build/expo_bot/build/lib/expo_bot
[0.941s] copying expo_bot/cctv_detection_node.py -> /home/viator/ws/chob3_ws/build/expo_bot/build/lib/expo_bot
[0.941s] running install
[0.942s] running install_lib
[0.942s] creating /home/viator/ws/chob3_ws/install/expo_bot/lib/python3.10/site-packages/expo_bot
[0.942s] copying /home/viator/ws/chob3_ws/build/expo_bot/build/lib/expo_bot/__init__.py -> /home/viator/ws/chob3_ws/install/expo_bot/lib/python3.10/site-packages/expo_bot
[0.943s] copying /home/viator/ws/chob3_ws/build/expo_bot/build/lib/expo_bot/video_playback_node.py -> /home/viator/ws/chob3_ws/install/expo_bot/lib/python3.10/site-packages/expo_bot
[0.943s] copying /home/viator/ws/chob3_ws/build/expo_bot/build/lib/expo_bot/object_detection_node.py -> /home/viator/ws/chob3_ws/install/expo_bot/lib/python3.10/site-packages/expo_bot
[0.943s] copying /home/viator/ws/chob3_ws/build/expo_bot/build/lib/expo_bot/amr_control_node.py -> /home/viator/ws/chob3_ws/install/expo_bot/lib/python3.10/site-packages/expo_bot
[0.943s] copying /home/viator/ws/chob3_ws/build/expo_bot/build/lib/expo_bot/cctv_detection_node.py -> /home/viator/ws/chob3_ws/install/expo_bot/lib/python3.10/site-packages/expo_bot
[0.943s] byte-compiling /home/viator/ws/chob3_ws/install/expo_bot/lib/python3.10/site-packages/expo_bot/__init__.py to __init__.cpython-310.pyc
[0.943s] byte-compiling /home/viator/ws/chob3_ws/install/expo_bot/lib/python3.10/site-packages/expo_bot/video_playback_node.py to video_playback_node.cpython-310.pyc
[0.944s] byte-compiling /home/viator/ws/chob3_ws/install/expo_bot/lib/python3.10/site-packages/expo_bot/object_detection_node.py to object_detection_node.cpython-310.pyc
[0.944s] byte-compiling /home/viator/ws/chob3_ws/install/expo_bot/lib/python3.10/site-packages/expo_bot/amr_control_node.py to amr_control_node.cpython-310.pyc
[0.945s] byte-compiling /home/viator/ws/chob3_ws/install/expo_bot/lib/python3.10/site-packages/expo_bot/cctv_detection_node.py to cctv_detection_node.cpython-310.pyc
[0.945s] running install_data
[0.945s] creating /home/viator/ws/chob3_ws/install/expo_bot/share/ament_index
[0.945s] creating /home/viator/ws/chob3_ws/install/expo_bot/share/ament_index/resource_index
[0.945s] creating /home/viator/ws/chob3_ws/install/expo_bot/share/ament_index/resource_index/packages
[0.945s] copying resource/expo_bot -> /home/viator/ws/chob3_ws/install/expo_bot/share/ament_index/resource_index/packages
[0.946s] copying package.xml -> /home/viator/ws/chob3_ws/install/expo_bot/share/expo_bot
[0.946s] running install_egg_info
[0.947s] Copying ../../build/expo_bot/expo_bot.egg-info to /home/viator/ws/chob3_ws/install/expo_bot/lib/python3.10/site-packages/expo_bot-0.0.0-py3.10.egg-info
[0.948s] running install_scripts
[0.968s] writing list of installed files to '/home/viator/ws/chob3_ws/build/expo_bot/install.log'
[0.995s] Invoked command in '/home/viator/ws/chob3_ws/src/expo_bot' returned '0': PYTHONPATH=/home/viator/ws/chob3_ws/build/expo_bot/prefix_override:/usr/lib/python3/dist-packages/colcon_core/task/python/colcon_distutils_commands:/home/viator/ws/chob3_ws/install/expo_bot/lib/python3.10/site-packages:${PYTHONPATH} /usr/bin/python3 -W ignore:setup.py install is deprecated setup.py egg_info --egg-base ../../build/expo_bot build --build-base /home/viator/ws/chob3_ws/build/expo_bot/build install --record /home/viator/ws/chob3_ws/build/expo_bot/install.log --single-version-externally-managed install_data
