[0.996s] Invoking command in '/home/viator/ws/chob3_ws/src/expo_bot': PYTHONPATH=/home/viator/ws/chob3_ws/src/expo_bot/build/expo_bot/prefix_override:/usr/lib/python3/dist-packages/colcon_core/task/python/colcon_distutils_commands:/home/viator/ws/chob3_ws/src/expo_bot/install/expo_bot/lib/python3.10/site-packages:${PYTHONPATH} /usr/bin/python3 -W ignore:setup.py install is deprecated setup.py egg_info --egg-base build/expo_bot build --build-base /home/viator/ws/chob3_ws/src/expo_bot/build/expo_bot/build install --record /home/viator/ws/chob3_ws/src/expo_bot/build/expo_bot/install.log --single-version-externally-managed install_data
[1.382s] running egg_info
[1.383s] writing build/expo_bot/expo_bot.egg-info/PKG-INFO
[1.384s] writing dependency_links to build/expo_bot/expo_bot.egg-info/dependency_links.txt
[1.384s] writing entry points to build/expo_bot/expo_bot.egg-info/entry_points.txt
[1.384s] writing requirements to build/expo_bot/expo_bot.egg-info/requires.txt
[1.384s] writing top-level names to build/expo_bot/expo_bot.egg-info/top_level.txt
[1.386s] reading manifest file 'build/expo_bot/expo_bot.egg-info/SOURCES.txt'
[1.387s] writing manifest file 'build/expo_bot/expo_bot.egg-info/SOURCES.txt'
[1.388s] running build
[1.388s] running build_py
[1.388s] copying expo_bot/sys_monitor_node.py -> /home/viator/ws/chob3_ws/src/expo_bot/build/expo_bot/build/lib/expo_bot
[1.391s] running install
[1.391s] running install_lib
[1.391s] copying /home/viator/ws/chob3_ws/src/expo_bot/build/expo_bot/build/lib/expo_bot/sys_monitor_node.py -> /home/viator/ws/chob3_ws/src/expo_bot/install/expo_bot/lib/python3.10/site-packages/expo_bot
[1.392s] byte-compiling /home/viator/ws/chob3_ws/src/expo_bot/install/expo_bot/lib/python3.10/site-packages/expo_bot/sys_monitor_node.py to sys_monitor_node.cpython-310.pyc
[1.392s] running install_data
[1.392s] running install_egg_info
[1.396s] removing '/home/viator/ws/chob3_ws/src/expo_bot/install/expo_bot/lib/python3.10/site-packages/expo_bot-0.0.0-py3.10.egg-info' (and everything under it)
[1.396s] Copying build/expo_bot/expo_bot.egg-info to /home/viator/ws/chob3_ws/src/expo_bot/install/expo_bot/lib/python3.10/site-packages/expo_bot-0.0.0-py3.10.egg-info
[1.396s] running install_scripts
[1.429s] Installing amr_control_node script to /home/viator/ws/chob3_ws/src/expo_bot/install/expo_bot/lib/expo_bot
[1.429s] Installing cctv_detection_node script to /home/viator/ws/chob3_ws/src/expo_bot/install/expo_bot/lib/expo_bot
[1.430s] Installing object_detection_node script to /home/viator/ws/chob3_ws/src/expo_bot/install/expo_bot/lib/expo_bot
[1.430s] Installing sys_monitor_node script to /home/viator/ws/chob3_ws/src/expo_bot/install/expo_bot/lib/expo_bot
[1.430s] Installing video_playback_node script to /home/viator/ws/chob3_ws/src/expo_bot/install/expo_bot/lib/expo_bot
[1.430s] writing list of installed files to '/home/viator/ws/chob3_ws/src/expo_bot/build/expo_bot/install.log'
[1.465s] Invoked command in '/home/viator/ws/chob3_ws/src/expo_bot' returned '0': PYTHONPATH=/home/viator/ws/chob3_ws/src/expo_bot/build/expo_bot/prefix_override:/usr/lib/python3/dist-packages/colcon_core/task/python/colcon_distutils_commands:/home/viator/ws/chob3_ws/src/expo_bot/install/expo_bot/lib/python3.10/site-packages:${PYTHONPATH} /usr/bin/python3 -W ignore:setup.py install is deprecated setup.py egg_info --egg-base build/expo_bot build --build-base /home/viator/ws/chob3_ws/src/expo_bot/build/expo_bot/build install --record /home/viator/ws/chob3_ws/src/expo_bot/build/expo_bot/install.log --single-version-externally-managed install_data
