[0.609s] Invoking command in '/home/viator/ws/chob3_ws/src/expo_bot': PYTHONPATH=/home/viator/ws/chob3_ws/build/expo_bot/prefix_override:/usr/lib/python3/dist-packages/colcon_core/task/python/colcon_distutils_commands:/home/viator/ws/chob3_ws/install/expo_bot/lib/python3.10/site-packages:${PYTHONPATH} /usr/bin/python3 -W ignore:setup.py install is deprecated setup.py egg_info --egg-base ../../build/expo_bot build --build-base /home/viator/ws/chob3_ws/build/expo_bot/build install --record /home/viator/ws/chob3_ws/build/expo_bot/install.log --single-version-externally-managed install_data
[0.823s] running egg_info
[0.823s] writing ../../build/expo_bot/expo_bot.egg-info/PKG-INFO
[0.823s] writing dependency_links to ../../build/expo_bot/expo_bot.egg-info/dependency_links.txt
[0.824s] writing entry points to ../../build/expo_bot/expo_bot.egg-info/entry_points.txt
[0.824s] writing requirements to ../../build/expo_bot/expo_bot.egg-info/requires.txt
[0.824s] writing top-level names to ../../build/expo_bot/expo_bot.egg-info/top_level.txt
[0.826s] reading manifest file '../../build/expo_bot/expo_bot.egg-info/SOURCES.txt'
[0.827s] writing manifest file '../../build/expo_bot/expo_bot.egg-info/SOURCES.txt'
[0.827s] running build
[0.827s] running build_py
[0.827s] running install
[0.828s] running install_lib
[0.830s] running install_data
[0.830s] running install_egg_info
[0.832s] removing '/home/viator/ws/chob3_ws/install/expo_bot/lib/python3.10/site-packages/expo_bot-0.0.0-py3.10.egg-info' (and everything under it)
[0.832s] Copying ../../build/expo_bot/expo_bot.egg-info to /home/viator/ws/chob3_ws/install/expo_bot/lib/python3.10/site-packages/expo_bot-0.0.0-py3.10.egg-info
[0.833s] running install_scripts
[0.851s] Installing amr_control_node script to /home/viator/ws/chob3_ws/install/expo_bot/lib/expo_bot
[0.851s] Installing cctv_detection_node script to /home/viator/ws/chob3_ws/install/expo_bot/lib/expo_bot
[0.851s] Installing object_detection_node script to /home/viator/ws/chob3_ws/install/expo_bot/lib/expo_bot
[0.851s] Installing sys_monitor_node script to /home/viator/ws/chob3_ws/install/expo_bot/lib/expo_bot
[0.851s] Installing video_playback_node script to /home/viator/ws/chob3_ws/install/expo_bot/lib/expo_bot
[0.851s] writing list of installed files to '/home/viator/ws/chob3_ws/build/expo_bot/install.log'
[0.874s] Invoked command in '/home/viator/ws/chob3_ws/src/expo_bot' returned '0': PYTHONPATH=/home/viator/ws/chob3_ws/build/expo_bot/prefix_override:/usr/lib/python3/dist-packages/colcon_core/task/python/colcon_distutils_commands:/home/viator/ws/chob3_ws/install/expo_bot/lib/python3.10/site-packages:${PYTHONPATH} /usr/bin/python3 -W ignore:setup.py install is deprecated setup.py egg_info --egg-base ../../build/expo_bot build --build-base /home/viator/ws/chob3_ws/build/expo_bot/build install --record /home/viator/ws/chob3_ws/build/expo_bot/install.log --single-version-externally-managed install_data
