[0.583s] Invoking command in '/home/viator/ws/chob3_ws/src/expo_bot': PYTHONPATH=/home/viator/ws/chob3_ws/build/expo_bot/prefix_override:/usr/lib/python3/dist-packages/colcon_core/task/python/colcon_distutils_commands:/home/viator/ws/chob3_ws/install/expo_bot/lib/python3.10/site-packages:${PYTHONPATH} /usr/bin/python3 -W ignore:setup.py install is deprecated setup.py egg_info --egg-base ../../build/expo_bot build --build-base /home/viator/ws/chob3_ws/build/expo_bot/build install --record /home/viator/ws/chob3_ws/build/expo_bot/install.log --single-version-externally-managed install_data
[0.794s] running egg_info
[0.794s] creating ../../build/expo_bot/expo_bot.egg-info
[0.794s] writing ../../build/expo_bot/expo_bot.egg-info/PKG-INFO
[0.795s] writing dependency_links to ../../build/expo_bot/expo_bot.egg-info/dependency_links.txt
[0.795s] writing entry points to ../../build/expo_bot/expo_bot.egg-info/entry_points.txt
[0.795s] writing requirements to ../../build/expo_bot/expo_bot.egg-info/requires.txt
[0.795s] writing top-level names to ../../build/expo_bot/expo_bot.egg-info/top_level.txt
[0.795s] writing manifest file '../../build/expo_bot/expo_bot.egg-info/SOURCES.txt'
[0.797s] reading manifest file '../../build/expo_bot/expo_bot.egg-info/SOURCES.txt'
[0.798s] writing manifest file '../../build/expo_bot/expo_bot.egg-info/SOURCES.txt'
[0.798s] running build
[0.798s] running build_py
[0.798s] creating /home/viator/ws/chob3_ws/build/expo_bot/build
[0.798s] creating /home/viator/ws/chob3_ws/build/expo_bot/build/lib
[0.798s] creating /home/viator/ws/chob3_ws/build/expo_bot/build/lib/expo_bot
[0.798s] copying expo_bot/cctv_detection_node_original.py -> /home/viator/ws/chob3_ws/build/expo_bot/build/lib/expo_bot
[0.798s] copying expo_bot/__init__.py -> /home/viator/ws/chob3_ws/build/expo_bot/build/lib/expo_bot
[0.798s] copying expo_bot/video_playback_node.py -> /home/viator/ws/chob3_ws/build/expo_bot/build/lib/expo_bot
[0.798s] copying expo_bot/sys_monitor_node.py -> /home/viator/ws/chob3_ws/build/expo_bot/build/lib/expo_bot
[0.798s] copying expo_bot/object_detection_node.py -> /home/viator/ws/chob3_ws/build/expo_bot/build/lib/expo_bot
[0.798s] copying expo_bot/amr_control_node.py -> /home/viator/ws/chob3_ws/build/expo_bot/build/lib/expo_bot
[0.798s] copying expo_bot/cctv_detection_node.py -> /home/viator/ws/chob3_ws/build/expo_bot/build/lib/expo_bot
[0.799s] running install
[0.799s] running install_lib
[0.800s] creating /home/viator/ws/chob3_ws/install/expo_bot/lib/python3.10/site-packages/expo_bot
[0.800s] copying /home/viator/ws/chob3_ws/build/expo_bot/build/lib/expo_bot/cctv_detection_node_original.py -> /home/viator/ws/chob3_ws/install/expo_bot/lib/python3.10/site-packages/expo_bot
[0.800s] copying /home/viator/ws/chob3_ws/build/expo_bot/build/lib/expo_bot/__init__.py -> /home/viator/ws/chob3_ws/install/expo_bot/lib/python3.10/site-packages/expo_bot
[0.800s] copying /home/viator/ws/chob3_ws/build/expo_bot/build/lib/expo_bot/video_playback_node.py -> /home/viator/ws/chob3_ws/install/expo_bot/lib/python3.10/site-packages/expo_bot
[0.800s] copying /home/viator/ws/chob3_ws/build/expo_bot/build/lib/expo_bot/sys_monitor_node.py -> /home/viator/ws/chob3_ws/install/expo_bot/lib/python3.10/site-packages/expo_bot
[0.800s] copying /home/viator/ws/chob3_ws/build/expo_bot/build/lib/expo_bot/object_detection_node.py -> /home/viator/ws/chob3_ws/install/expo_bot/lib/python3.10/site-packages/expo_bot
[0.800s] copying /home/viator/ws/chob3_ws/build/expo_bot/build/lib/expo_bot/amr_control_node.py -> /home/viator/ws/chob3_ws/install/expo_bot/lib/python3.10/site-packages/expo_bot
[0.800s] copying /home/viator/ws/chob3_ws/build/expo_bot/build/lib/expo_bot/cctv_detection_node.py -> /home/viator/ws/chob3_ws/install/expo_bot/lib/python3.10/site-packages/expo_bot
[0.801s] byte-compiling /home/viator/ws/chob3_ws/install/expo_bot/lib/python3.10/site-packages/expo_bot/cctv_detection_node_original.py to cctv_detection_node_original.cpython-310.pyc
[0.801s] byte-compiling /home/viator/ws/chob3_ws/install/expo_bot/lib/python3.10/site-packages/expo_bot/__init__.py to __init__.cpython-310.pyc
[0.801s] byte-compiling /home/viator/ws/chob3_ws/install/expo_bot/lib/python3.10/site-packages/expo_bot/video_playback_node.py to video_playback_node.cpython-310.pyc
[0.802s] byte-compiling /home/viator/ws/chob3_ws/install/expo_bot/lib/python3.10/site-packages/expo_bot/sys_monitor_node.py to sys_monitor_node.cpython-310.pyc
[0.802s] byte-compiling /home/viator/ws/chob3_ws/install/expo_bot/lib/python3.10/site-packages/expo_bot/object_detection_node.py to object_detection_node.cpython-310.pyc
[0.803s] byte-compiling /home/viator/ws/chob3_ws/install/expo_bot/lib/python3.10/site-packages/expo_bot/amr_control_node.py to amr_control_node.cpython-310.pyc
[0.803s] byte-compiling /home/viator/ws/chob3_ws/install/expo_bot/lib/python3.10/site-packages/expo_bot/cctv_detection_node.py to cctv_detection_node.cpython-310.pyc
[0.804s] running install_data
[0.804s] creating /home/viator/ws/chob3_ws/install/expo_bot/share/ament_index
[0.804s] creating /home/viator/ws/chob3_ws/install/expo_bot/share/ament_index/resource_index
[0.804s] creating /home/viator/ws/chob3_ws/install/expo_bot/share/ament_index/resource_index/packages
[0.804s] copying resource/expo_bot -> /home/viator/ws/chob3_ws/install/expo_bot/share/ament_index/resource_index/packages
[0.804s] copying package.xml -> /home/viator/ws/chob3_ws/install/expo_bot/share/expo_bot
[0.805s] running install_egg_info
[0.806s] Copying ../../build/expo_bot/expo_bot.egg-info to /home/viator/ws/chob3_ws/install/expo_bot/lib/python3.10/site-packages/expo_bot-0.0.0-py3.10.egg-info
[0.806s] running install_scripts
[0.824s] Installing amr_control_node script to /home/viator/ws/chob3_ws/install/expo_bot/lib/expo_bot
[0.825s] Installing cctv_detection_node script to /home/viator/ws/chob3_ws/install/expo_bot/lib/expo_bot
[0.825s] Installing object_detection_node script to /home/viator/ws/chob3_ws/install/expo_bot/lib/expo_bot
[0.825s] Installing sys_monitor_node script to /home/viator/ws/chob3_ws/install/expo_bot/lib/expo_bot
[0.825s] Installing video_playback_node script to /home/viator/ws/chob3_ws/install/expo_bot/lib/expo_bot
[0.825s] writing list of installed files to '/home/viator/ws/chob3_ws/build/expo_bot/install.log'
[0.852s] Invoked command in '/home/viator/ws/chob3_ws/src/expo_bot' returned '0': PYTHONPATH=/home/viator/ws/chob3_ws/build/expo_bot/prefix_override:/usr/lib/python3/dist-packages/colcon_core/task/python/colcon_distutils_commands:/home/viator/ws/chob3_ws/install/expo_bot/lib/python3.10/site-packages:${PYTHONPATH} /usr/bin/python3 -W ignore:setup.py install is deprecated setup.py egg_info --egg-base ../../build/expo_bot build --build-base /home/viator/ws/chob3_ws/build/expo_bot/build install --record /home/viator/ws/chob3_ws/build/expo_bot/install.log --single-version-externally-managed install_data
