[0.700s] Invoking command in '/home/viator/ws/chob3_ws/src/expo_bot': PYTHONPATH=/home/viator/ws/chob3_ws/build/expo_bot/prefix_override:/usr/lib/python3/dist-packages/colcon_core/task/python/colcon_distutils_commands:/home/viator/ws/chob3_ws/install/expo_bot/lib/python3.10/site-packages:${PYTHONPATH} /usr/bin/python3 -W ignore:setup.py install is deprecated setup.py egg_info --egg-base ../../build/expo_bot build --build-base /home/viator/ws/chob3_ws/build/expo_bot/build install --record /home/viator/ws/chob3_ws/build/expo_bot/install.log --single-version-externally-managed install_data
[0.976s] running egg_info
[0.977s] writing ../../build/expo_bot/expo_bot.egg-info/PKG-INFO
[0.977s] writing dependency_links to ../../build/expo_bot/expo_bot.egg-info/dependency_links.txt
[0.977s] writing entry points to ../../build/expo_bot/expo_bot.egg-info/entry_points.txt
[0.977s] writing requirements to ../../build/expo_bot/expo_bot.egg-info/requires.txt
[0.977s] writing top-level names to ../../build/expo_bot/expo_bot.egg-info/top_level.txt
[0.979s] reading manifest file '../../build/expo_bot/expo_bot.egg-info/SOURCES.txt'
[0.980s] writing manifest file '../../build/expo_bot/expo_bot.egg-info/SOURCES.txt'
[0.980s] running build
[0.980s] running build_py
[0.981s] copying expo_bot/navigate_to_goal_node.py -> /home/viator/ws/chob3_ws/build/expo_bot/build/lib/expo_bot
[0.981s] copying expo_bot/cctv_detection_node.py -> /home/viator/ws/chob3_ws/build/expo_bot/build/lib/expo_bot
[0.981s] running install
[0.981s] running install_lib
[0.982s] copying /home/viator/ws/chob3_ws/build/expo_bot/build/lib/expo_bot/navigate_to_goal_node.py -> /home/viator/ws/chob3_ws/install/expo_bot/lib/python3.10/site-packages/expo_bot
[0.982s] copying /home/viator/ws/chob3_ws/build/expo_bot/build/lib/expo_bot/cctv_detection_node.py -> /home/viator/ws/chob3_ws/install/expo_bot/lib/python3.10/site-packages/expo_bot
[0.983s] byte-compiling /home/viator/ws/chob3_ws/install/expo_bot/lib/python3.10/site-packages/expo_bot/navigate_to_goal_node.py to navigate_to_goal_node.cpython-310.pyc
[0.983s] byte-compiling /home/viator/ws/chob3_ws/install/expo_bot/lib/python3.10/site-packages/expo_bot/cctv_detection_node.py to cctv_detection_node.cpython-310.pyc
[0.984s] running install_data
[0.985s] running install_egg_info
[0.986s] removing '/home/viator/ws/chob3_ws/install/expo_bot/lib/python3.10/site-packages/expo_bot-0.0.0-py3.10.egg-info' (and everything under it)
[0.987s] Copying ../../build/expo_bot/expo_bot.egg-info to /home/viator/ws/chob3_ws/install/expo_bot/lib/python3.10/site-packages/expo_bot-0.0.0-py3.10.egg-info
[0.988s] running install_scripts
[1.009s] Installing amr_control_node script to /home/viator/ws/chob3_ws/install/expo_bot/lib/expo_bot
[1.009s] Installing cctv_detection_node script to /home/viator/ws/chob3_ws/install/expo_bot/lib/expo_bot
[1.009s] Installing navigate_to_goal_node script to /home/viator/ws/chob3_ws/install/expo_bot/lib/expo_bot
[1.009s] Installing object_detection_node script to /home/viator/ws/chob3_ws/install/expo_bot/lib/expo_bot
[1.010s] Installing sys_monitor_node script to /home/viator/ws/chob3_ws/install/expo_bot/lib/expo_bot
[1.010s] Installing video_playback_node script to /home/viator/ws/chob3_ws/install/expo_bot/lib/expo_bot
[1.010s] writing list of installed files to '/home/viator/ws/chob3_ws/build/expo_bot/install.log'
[1.039s] Invoked command in '/home/viator/ws/chob3_ws/src/expo_bot' returned '0': PYTHONPATH=/home/viator/ws/chob3_ws/build/expo_bot/prefix_override:/usr/lib/python3/dist-packages/colcon_core/task/python/colcon_distutils_commands:/home/viator/ws/chob3_ws/install/expo_bot/lib/python3.10/site-packages:${PYTHONPATH} /usr/bin/python3 -W ignore:setup.py install is deprecated setup.py egg_info --egg-base ../../build/expo_bot build --build-base /home/viator/ws/chob3_ws/build/expo_bot/build install --record /home/viator/ws/chob3_ws/build/expo_bot/install.log --single-version-externally-managed install_data
